<?xml version="1.0" encoding="UTF-8"?>
<!-- Generated by org.testng.reporters.JUnitReportReporter -->
<testsuite hostname="BDC8-DX-6PK8H92" name="com.tests.NewTestNG7" tests="2" failures="0" timestamp="4 Jul 2019 09:09:37 GMT" time="30.380" errors="0">
  <testcase name="testGoogle" time="17.371" classname="com.tests.NewTestNG7"/>
  <testcase name="testDemoWebShp" time="13.009" classname="com.tests.NewTestNG7"/>
</testsuite> <!-- com.tests.NewTestNG7 -->
