<?xml version="1.0" encoding="UTF-8"?>
<!-- Generated by org.testng.reporters.JUnitReportReporter -->
<testsuite hostname="BDC8-DX-6PK8H92" name="com.tests.NewTest3" tests="1" failures="0" timestamp="4 Jul 2019 06:37:57 GMT" time="219.896" errors="0">
  <testcase name="openChrome" time="219.896" classname="com.tests.NewTest3"/>
</testsuite> <!-- com.tests.NewTest3 -->
