<?xml version="1.0" encoding="UTF-8"?>
<!-- Generated by org.testng.reporters.JUnitReportReporter -->
<testsuite hostname="BDC8-DX-6PK8H92" name="com.tests.NewTest12" tests="1" failures="0" timestamp="5 Jul 2019 07:05:27 GMT" time="24.937" errors="0">
  <testcase name="OpenHdfcNetBanking" time="24.937" classname="com.tests.NewTest12"/>
</testsuite> <!-- com.tests.NewTest12 -->
