<?xml version="1.0" encoding="UTF-8"?>
<!-- Generated by org.testng.reporters.JUnitReportReporter -->
<testsuite hostname="BDC8-DX-6PK8H92" name="com.tests.NewTest8" tests="1" failures="0" timestamp="4 Jul 2019 09:22:48 GMT" time="0.006" errors="0">
  <testcase name="f" time="0.006" classname="com.tests.NewTest8"/>
</testsuite> <!-- com.tests.NewTest8 -->
