<?xml version="1.0" encoding="UTF-8"?>
<!-- Generated by org.testng.reporters.JUnitReportReporter -->
<testsuite hostname="BDC8-DX-6PK8H92" name="com.tests.NewTest1" tests="3" failures="0" timestamp="3 Jul 2019 09:02:26 GMT" time="0.021" errors="0">
  <testcase name="testYouTube" time="0.002" classname="com.tests.NewTest1"/>
  <testcase name="testZebra" time="0.002" classname="com.tests.NewTest1"/>
  <testcase name="testGoogle" time="0.017" classname="com.tests.NewTest1"/>
</testsuite> <!-- com.tests.NewTest1 -->
