<?xml version="1.0" encoding="UTF-8"?>
<!-- Generated by org.testng.reporters.JUnitReportReporter -->
<testsuite hostname="BDC8-DX-6PK8H92" name="com.tests.NewTest5" tests="1" failures="0" timestamp="4 Jul 2019 04:23:16 GMT" time="10.578" errors="0">
  <testcase name="testDemoWebShipLogin" time="10.578" classname="com.tests.NewTest5"/>
</testsuite> <!-- com.tests.NewTest5 -->
