<?xml version="1.0" encoding="UTF-8"?>
<!-- Generated by org.testng.reporters.JUnitReportReporter -->
<testsuite hostname="BDC8-DX-6PK8H92" name="com.tests.NewTest4" tests="1" failures="0" timestamp="3 Jul 2019 11:27:02 GMT" time="10.837" errors="0">
  <testcase name="demoWebShop" time="10.837" classname="com.tests.NewTest4"/>
</testsuite> <!-- com.tests.NewTest4 -->
