<?xml version="1.0" encoding="UTF-8"?>
<!-- Generated by org.testng.reporters.JUnitReportReporter -->
<testsuite hostname="BDC8-DX-6PK8H92" name="com.tests.NewTest9" tests="3" failures="0" timestamp="4 Jul 2019 09:54:24 GMT" time="0.017" errors="0">
  <testcase name="testLogout" time="0.002" classname="com.tests.NewTest9"/>
  <testcase name="testLogin" time="0.006" classname="com.tests.NewTest9"/>
  <testcase name="testRegistration" time="0.009" classname="com.tests.NewTest9"/>
</testsuite> <!-- com.tests.NewTest9 -->
