<?xml version="1.0" encoding="UTF-8"?>
<!-- Generated by org.testng.reporters.JUnitReportReporter -->
<testsuite hostname="BDC8-DX-6PK8H92" name="com.tests.HomeLoginTestPage" tests="2" failures="0" timestamp="5 Jul 2019 10:41:06 GMT" time="2.442" errors="0">
  <testcase name="test1" time="0.975" classname="com.tests.HomeLoginTestPage"/>
  <testcase name="test2" time="1.467" classname="com.tests.HomeLoginTestPage"/>
</testsuite> <!-- com.tests.HomeLoginTestPage -->
