<?xml version="1.0" encoding="UTF-8"?>
<!-- Generated by org.testng.reporters.JUnitReportReporter -->
<testsuite hostname="BDC8-DX-6PK8H92" name="com.tests.NewTest2" tests="3" failures="0" timestamp="3 Jul 2019 09:12:12 GMT" time="0.023" errors="0">
  <testcase name="testLogout" time="0.002" classname="com.tests.NewTest2"/>
  <testcase name="testSignUp" time="0.020" classname="com.tests.NewTest2"/>
  <testcase name="testLogin" time="0.001" classname="com.tests.NewTest2"/>
</testsuite> <!-- com.tests.NewTest2 -->
