<?xml version="1.0" encoding="UTF-8"?>
<!-- Generated by org.testng.reporters.JUnitReportReporter -->
<testsuite hostname="BDC8-DX-6PK8H92" name="com.tests.NewTest6" tests="1" failures="0" timestamp="4 Jul 2019 06:57:34 GMT" time="8.467" errors="0">
  <testcase name="demoWebShop" time="8.467" classname="com.tests.NewTest6"/>
</testsuite> <!-- com.tests.NewTest6 -->
